<?xml version="1.0" encoding="UTF-8"?>
<!-- Generated by org.testng.reporters.JUnitXMLReporter -->
<testsuite ignored="0" hostname="LAPTOP-EGKA569A" failures="0" tests="3" name="Default test" time="72.191" errors="0" timestamp="2023-02-28T15:05:26 IST">
  <testcase classname="com.qa.Testscripts.TestClassLogout" name="Logoutasadmin" time="20.29"/>
  <testcase classname="com.qa.Testscripts.TestClassLogout" name="LogoutasUser" time="19.1"/>
  <testcase classname="com.qa.Testscripts.TestClassLogout" name="LogoutasTrainer" time="18.867"/>
</testsuite> <!-- Default test -->
