<?xml version="1.0" encoding="UTF-8"?>
<!-- Generated by org.testng.reporters.JUnitXMLReporter -->
<testsuite ignored="0" hostname="LAPTOP-EGKA569A" failures="0" tests="3" name="Default test" time="170.429" errors="0" timestamp="2023-03-01T22:19:09 IST">
  <testcase classname="com.qa.Testscripts.TestClassLogin" name="Loginasadmin" time="53.583"/>
  <testcase classname="com.qa.Testscripts.TestClassLogin" name="LoginasUser" time="52.518"/>
  <testcase classname="com.qa.Testscripts.TestClassLogin" name="LoginasTrainer" time="52.534"/>
</testsuite> <!-- Default test -->
