<?xml version="1.0" encoding="UTF-8"?>
<testng-results ignored="0" total="3" passed="3" failed="0" skipped="0">
  <reporter-output>
  </reporter-output>
  <suite started-at="2023-03-01T23:19:44 IST" name="Default suite" finished-at="2023-03-01T23:20:53 IST" duration-ms="68916">
    <groups>
    </groups>
    <test started-at="2023-03-01T23:19:44 IST" name="Default test" finished-at="2023-03-01T23:20:53 IST" duration-ms="68916">
      <class name="com.qa.Testscripts.TestClassLogout">
        <test-method is-config="true" signature="onSetup()[pri:0, instance:com.qa.Testscripts.TestClassLogout@2e005c4b]" started-at="2023-03-01T23:19:44 IST" name="onSetup" finished-at="2023-03-01T23:19:53 IST" duration-ms="8999" status="PASS">
          <reporter-output>
          </reporter-output>
        </test-method> <!-- onSetup -->
        <test-method signature="Logoutasadmin()[pri:1, instance:com.qa.Testscripts.TestClassLogout@2e005c4b]" started-at="2023-03-01T23:19:53 IST" name="Logoutasadmin" finished-at="2023-03-01T23:20:13 IST" duration-ms="19495" status="PASS">
          <reporter-output>
          </reporter-output>
        </test-method> <!-- Logoutasadmin -->
        <test-method signature="LogoutasUser()[pri:2, instance:com.qa.Testscripts.TestClassLogout@2e005c4b]" started-at="2023-03-01T23:20:13 IST" name="LogoutasUser" finished-at="2023-03-01T23:20:32 IST" duration-ms="18630" status="PASS">
          <reporter-output>
          </reporter-output>
        </test-method> <!-- LogoutasUser -->
        <test-method signature="LogoutasTrainer()[pri:3, instance:com.qa.Testscripts.TestClassLogout@2e005c4b]" started-at="2023-03-01T23:20:32 IST" name="LogoutasTrainer" finished-at="2023-03-01T23:20:50 IST" duration-ms="18585" status="PASS">
          <reporter-output>
          </reporter-output>
        </test-method> <!-- LogoutasTrainer -->
        <test-method is-config="true" signature="closeWebsite()[pri:0, instance:com.qa.Testscripts.TestClassLogout@2e005c4b]" started-at="2023-03-01T23:20:50 IST" name="closeWebsite" finished-at="2023-03-01T23:20:53 IST" duration-ms="3175" status="PASS">
          <reporter-output>
          </reporter-output>
        </test-method> <!-- closeWebsite -->
      </class> <!-- com.qa.Testscripts.TestClassLogout -->
    </test> <!-- Default test -->
  </suite> <!-- Default suite -->
</testng-results>
